[21:49:18]: Instantiating dictionary...
[21:49:18]: Done!
[21:49:18]: Instantiating dataset...
[21:49:18]: loading dictionary pkl
[21:49:18]: loaded
[21:49:18]: Done!
[21:49:18]: Generating dictionaries...
[21:49:18]: Generating dictionary
[21:49:25]: generated dictionary using 654 data entries
[21:49:25]: saving pkl
[21:49:25]: successfully saved
[21:49:25]: Success!
[21:49:25]: Loading dataset...
[21:49:25]: generating dataset
[21:49:25]: loaded 654 data from mongodb
[21:49:32]: dataset generated with 529 benigns and 0 malignant
[21:49:32]: Success!
[21:49:32]: Loaded 529 samples...
[21:49:32]: Normalizing X matrix...
[21:49:32]: Success!
[21:49:32]: Without PCA, dimensionality 2867...
[21:49:32]: Training Decision Tree...
[21:49:32]: Training Gaussian Naive Bayes...
[21:49:32]: Training Neural Network MLP...
[21:49:32]: Decision Tree finished!
[21:49:33]: Gaussian Naive Bayes finished!
[21:49:33]: Neural Network MLP finished!
