[21:50:09]: Instantiating dictionary...
[21:50:09]: Done!
[21:50:09]: Instantiating dataset...
[21:50:09]: loading dictionary pkl
[21:50:09]: loaded
[21:50:09]: Done!
[21:50:09]: Generating dictionaries...
[21:50:09]: Generating dictionary
[21:50:17]: generated dictionary using 654 data entries
[21:50:17]: saving pkl
[21:50:17]: successfully saved
[21:50:17]: Success!
[21:50:17]: Loading dataset...
[21:50:17]: generating dataset
[21:50:17]: loaded 654 data from mongodb
[21:50:24]: dataset generated with 529 benigns and 0 malignant
[21:50:24]: Success!
[21:50:24]: Loaded 529 samples...
[21:50:24]: Normalizing X matrix...
[21:50:24]: Success!
[21:50:24]: Without PCA, dimensionality 2867...
[21:50:24]: Training Decision Tree...
[21:50:24]: Training Gaussian Naive Bayes...
[21:50:24]: Training Neural Network MLP...
[21:50:24]: Decision Tree finished!
[21:50:24]: Gaussian Naive Bayes finished!
[21:50:25]: Neural Network MLP finished!
