[15:43:57]: Instantiating dictionary...
[15:43:57]: Generating dictionary
[15:44:04]: generated dictionary using 654 data entries
[15:44:04]: saving pkl
[15:44:04]: successfully saved
[15:44:04]: Done!
[15:44:04]: Instantiating dataset...
[15:44:04]: loading dictionary pkl
[15:44:04]: loaded
[15:44:04]: Done!
[15:44:04]: Loading dataset...
[15:44:04]: generating dataset
[15:44:04]: loaded 654 data from mongodb
[15:44:10]: replacing NaN values to mean
[15:44:10]: done!
[15:44:10]: dataset generated with 529 benigns and 0 malignant
[15:44:10]: Success!
[15:44:10]: Loaded 529 samples...
[15:44:10]: Normalizing X matrix...
[15:44:10]: Success!
[15:44:10]: Without PCA, dimensionality 2786...
[15:44:10]: Training Decision Tree...
[15:44:10]: Training Gaussian Naive Bayes...
[15:44:10]: Training Neural Network MLP...
[15:44:11]: Decision Tree finished!
[15:44:11]: Gaussian Naive Bayes finished!
[15:44:12]: Neural Network MLP finished!

